<?xml version="1.0" encoding="UTF-8"?>
<!-- Generated by org.testng.reporters.JUnitXMLReporter -->
<testsuite hostname="sks-PC" ignored="0" name="Default test" tests="10" failures="0" timestamp="2020-11-21T10:40:04 IST" time="19.318" errors="0">
  <testcase name="ValidateCreate" time="0.099" classname="Script.TestScript"/>
  <testcase name="ValidateCreateaccount" time="0.039" classname="Script.TestScript"/>
  <testcase name="ValidateDay" time="1.322" classname="Script.TestScript"/>
  <testcase name="ValidateMonth" time="0.209" classname="Script.TestScript"/>
  <testcase name="ValidateRadio" time="0.062" classname="Script.TestScript"/>
  <testcase name="ValidateTitle" time="0.014" classname="Script.TestScript"/>
  <testcase name="ValidateUrl" time="0.012" classname="Script.TestScript"/>
  <testcase name="Validateyear" time="0.091" classname="Script.TestScript"/>
  <testcase name="validateFirstname" time="0.141" classname="Script.TestScript"/>
  <testcase name="validateSurname" time="0.095" classname="Script.TestScript"/>
</testsuite> <!-- Default test -->
