<?xml version="1.0" encoding="UTF-8"?>
<!-- Generated by org.testng.reporters.JUnitXMLReporter -->
<testsuite hostname="sks-PC" ignored="0" name="Test" tests="10" failures="0" timestamp="2020-11-27T12:37:59 IST" time="48.93" errors="0">
  <testcase name="ValidateCreate" time="1.058" classname="Script.TestScript"/>
  <testcase name="ValidateCreateaccount" time="0.089" classname="Script.TestScript"/>
  <testcase name="ValidateDay" time="3.504" classname="Script.TestScript"/>
  <testcase name="ValidateMonth" time="0.136" classname="Script.TestScript"/>
  <testcase name="ValidateRadio" time="0.049" classname="Script.TestScript"/>
  <testcase name="ValidateTitle" time="0.005" classname="Script.TestScript"/>
  <testcase name="ValidateUrl" time="0.005" classname="Script.TestScript"/>
  <testcase name="Validateyear" time="0.073" classname="Script.TestScript"/>
  <testcase name="validateFirstname" time="0.346" classname="Script.TestScript"/>
  <testcase name="validateSurname" time="0.157" classname="Script.TestScript"/>
</testsuite> <!-- Test -->
